1649464973740	geckodriver	INFO	Listening on 127.0.0.1:60186
1649464976795	mozrunner::runner	INFO	Running command: "C:\\Program Files\\Firefox Developer Edition\\firefox.exe" "--marionette" "--remote-debugging-port" "60187" "-no-remote" "-profile" "C:\\Users\\Abdullah\\AppData\\Local\\Temp\\rust_mozprofileZ6Z1o4"
1649465061041	geckodriver	INFO	Listening on 127.0.0.1:60295
1649465064143	mozrunner::runner	INFO	Running command: "C:\\Program Files\\Firefox Developer Edition\\firefox.exe" "--marionette" "--remote-debugging-port" "60296" "-no-remote" "-profile" "C:\\Users\\Abdullah\\AppData\\Local\\Temp\\rust_mozprofilepSbpGb"
1649465064514	Marionette	INFO	Marionette enabled
console.warn: SearchSettings: "get: No settings file exists, new profile?" (new NotFoundError("Could not open the file at C:\\Users\\Abdullah\\AppData\\Local\\Temp\\rust_mozprofilepSbpGb\\search.json.mozlz4", (void 0)))
DevTools listening on ws://localhost:60296/devtools/browser/71c2e342-339f-4132-a58f-236d03145453
1649465066198	Marionette	INFO	Listening on port 60303
1649465066219	RemoteAgent	WARN	TLS certificate errors will be ignored for this session
JavaScript error: resource://gre/modules/AsyncShutdown.jsm, line 575: NotFoundError: No such JSWindowActor 'DevToolsFrame'
1649465623150	Marionette	INFO	Stopped listening on port 60303
[Parent 17940, IPC I/O Parent] WARNING: file /builds/worker/checkouts/gecko/ipc/chromium/src/base/process_util_win.cc:167
[Parent 17940, IPC I/O Parent] WARNING: file /builds/worker/checkouts/gecko/ipc/chromium/src/base/process_util_win.cc:167
[Parent 17940, IPC I/O Parent] WARNING: file /builds/worker/checkouts/gecko/ipc/chromium/src/base/process_util_win.cc:167
1649465637243	geckodriver	INFO	Listening on 127.0.0.1:60718
1649465640303	mozrunner::runner	INFO	Running command: "C:\\Program Files\\Firefox Developer Edition\\firefox.exe" "--marionette" "--remote-debugging-port" "60719" "-no-remote" "-profile" "C:\\Users\\Abdullah\\AppData\\Local\\Temp\\rust_mozprofilejHbyXH"
1649465640661	Marionette	INFO	Marionette enabled
console.warn: SearchSettings: "get: No settings file exists, new profile?" (new NotFoundError("Could not open the file at C:\\Users\\Abdullah\\AppData\\Local\\Temp\\rust_mozprofilejHbyXH\\search.json.mozlz4", (void 0)))
DevTools listening on ws://localhost:60719/devtools/browser/13e2556c-9d37-4310-9ee0-44dbc1c2cd61
1649465642283	Marionette	INFO	Listening on port 60725
1649465642369	RemoteAgent	WARN	TLS certificate errors will be ignored for this session
JavaScript error: resource://gre/modules/AsyncShutdown.jsm, line 575: NotFoundError: No such JSWindowActor 'DevToolsFrame'
1649465707976	Marionette	INFO	Stopped listening on port 60725
[Parent 28940, IPC I/O Parent] WARNING: file /builds/worker/checkouts/gecko/ipc/chromium/src/base/process_util_win.cc:167
1649465709839	geckodriver	INFO	Listening on 127.0.0.1:60838
1649465712920	mozrunner::runner	INFO	Running command: "C:\\Program Files\\Firefox Developer Edition\\firefox.exe" "--marionette" "--remote-debugging-port" "60839" "-no-remote" "-profile" "C:\\Users\\Abdullah\\AppData\\Local\\Temp\\rust_mozprofile8xKcQ8"
1649465713287	Marionette	INFO	Marionette enabled
console.warn: SearchSettings: "get: No settings file exists, new profile?" (new NotFoundError("Could not open the file at C:\\Users\\Abdullah\\AppData\\Local\\Temp\\rust_mozprofile8xKcQ8\\search.json.mozlz4", (void 0)))
DevTools listening on ws://localhost:60839/devtools/browser/35fc4c0f-f669-4077-978f-395bf8d338f4
1649465714791	Marionette	INFO	Listening on port 60845
1649465714983	RemoteAgent	WARN	TLS certificate errors will be ignored for this session
1649465915078	Marionette	INFO	Stopped listening on port 60845
console.warn: TopSitesFeed: Failed to fetch data from Contile server: NetworkError when attempting to fetch resource.
1649466110467	geckodriver	INFO	Listening on 127.0.0.1:61174
1649466113549	mozrunner::runner	INFO	Running command: "C:\\Program Files\\Firefox Developer Edition\\firefox.exe" "--marionette" "--remote-debugging-port" "61175" "-no-remote" "-profile" "C:\\Users\\Abdullah\\AppData\\Local\\Temp\\rust_mozprofile72A6aG"
1649466113899	Marionette	INFO	Marionette enabled
console.warn: SearchSettings: "get: No settings file exists, new profile?" (new NotFoundError("Could not open the file at C:\\Users\\Abdullah\\AppData\\Local\\Temp\\rust_mozprofile72A6aG\\search.json.mozlz4", (void 0)))
DevTools listening on ws://localhost:61175/devtools/browser/ec036e06-f964-4c1a-b4d7-eae8f86ceda1
1649466115484	Marionette	INFO	Listening on port 61182
1649466115619	RemoteAgent	WARN	TLS certificate errors will be ignored for this session
1649466150300	Marionette	INFO	Stopped listening on port 61182
console.warn: TopSitesFeed: Failed to fetch data from Contile server: NetworkError when attempting to fetch resource.
1649466152226	geckodriver	INFO	Listening on 127.0.0.1:61265
1649466155300	mozrunner::runner	INFO	Running command: "C:\\Program Files\\Firefox Developer Edition\\firefox.exe" "--marionette" "--remote-debugging-port" "61266" "-no-remote" "-profile" "C:\\Users\\Abdullah\\AppData\\Local\\Temp\\rust_mozprofile25vkSR"
1649466155636	Marionette	INFO	Marionette enabled
console.warn: SearchSettings: "get: No settings file exists, new profile?" (new NotFoundError("Could not open the file at C:\\Users\\Abdullah\\AppData\\Local\\Temp\\rust_mozprofile25vkSR\\search.json.mozlz4", (void 0)))
DevTools listening on ws://localhost:61266/devtools/browser/4f4485fc-3fb6-46e5-a187-a44069b6c4f4
1649466157244	Marionette	INFO	Listening on port 61273
1649466157369	RemoteAgent	WARN	TLS certificate errors will be ignored for this session
1649467014905	Marionette	INFO	Stopped listening on port 61273
console.warn: TopSitesFeed: Failed to fetch data from Contile server: NetworkError when attempting to fetch resource.
[Parent 8464, IPC I/O Parent] WARNING: file /builds/worker/checkouts/gecko/ipc/chromium/src/base/process_util_win.cc:167
1649467040188	geckodriver	INFO	Listening on 127.0.0.1:57454
1649467043251	mozrunner::runner	INFO	Running command: "C:\\Program Files\\Firefox Developer Edition\\firefox.exe" "--marionette" "--remote-debugging-port" "57455" "-no-remote" "-profile" "C:\\Users\\Abdullah\\AppData\\Local\\Temp\\rust_mozprofile7QDMC1"
1649467043608	Marionette	INFO	Marionette enabled
console.warn: SearchSettings: "get: No settings file exists, new profile?" (new NotFoundError("Could not open the file at C:\\Users\\Abdullah\\AppData\\Local\\Temp\\rust_mozprofile7QDMC1\\search.json.mozlz4", (void 0)))
DevTools listening on ws://localhost:57455/devtools/browser/460aed4c-3557-4e8d-bca1-b35194b15b65
1649467045267	Marionette	INFO	Listening on port 57462
1649467045310	RemoteAgent	WARN	TLS certificate errors will be ignored for this session
1649467132797	Marionette	INFO	Stopped listening on port 57462
console.warn: TopSitesFeed: Failed to fetch data from Contile server: NetworkError when attempting to fetch resource.
1649467868573	geckodriver	INFO	Listening on 127.0.0.1:58525
1649467871637	mozrunner::runner	INFO	Running command: "C:\\Program Files\\Firefox Developer Edition\\firefox.exe" "--marionette" "--remote-debugging-port" "58526" "-no-remote" "-profile" "C:\\Users\\Abdullah\\AppData\\Local\\Temp\\rust_mozprofileVIQE1g"
1649467872040	Marionette	INFO	Marionette enabled
console.warn: SearchSettings: "get: No settings file exists, new profile?" (new NotFoundError("Could not open the file at C:\\Users\\Abdullah\\AppData\\Local\\Temp\\rust_mozprofileVIQE1g\\search.json.mozlz4", (void 0)))
DevTools listening on ws://localhost:58526/devtools/browser/b2157ebf-8993-42ac-9607-5305ce2079f3
1649467873707	Marionette	INFO	Listening on port 58532
1649467873822	RemoteAgent	WARN	TLS certificate errors will be ignored for this session
1649467907379	Marionette	INFO	Stopped listening on port 58532
console.warn: TopSitesFeed: Failed to fetch data from Contile server: NetworkError when attempting to fetch resource.
1649467925920	geckodriver	INFO	Listening on 127.0.0.1:58632
1649467928994	mozrunner::runner	INFO	Running command: "C:\\Program Files\\Firefox Developer Edition\\firefox.exe" "--marionette" "--remote-debugging-port" "58633" "-no-remote" "-profile" "C:\\Users\\Abdullah\\AppData\\Local\\Temp\\rust_mozprofiledBEZak"
1649467929343	Marionette	INFO	Marionette enabled
console.warn: SearchSettings: "get: No settings file exists, new profile?" (new NotFoundError("Could not open the file at C:\\Users\\Abdullah\\AppData\\Local\\Temp\\rust_mozprofiledBEZak\\search.json.mozlz4", (void 0)))
DevTools listening on ws://localhost:58633/devtools/browser/f137c578-bc62-46ab-85af-402eeefb6db2
1649467930889	Marionette	INFO	Listening on port 58640
1649467931058	RemoteAgent	WARN	TLS certificate errors will be ignored for this session
1649467940906	Marionette	INFO	Stopped listening on port 58640
1649468040338	geckodriver	INFO	Listening on 127.0.0.1:57154
1649468043408	mozrunner::runner	INFO	Running command: "C:\\Program Files\\Firefox Developer Edition\\firefox.exe" "--marionette" "--remote-debugging-port" "57155" "-no-remote" "-profile" "C:\\Users\\Abdullah\\AppData\\Local\\Temp\\rust_mozprofileCruHMV"
1649468043881	Marionette	INFO	Marionette enabled
console.warn: SearchSettings: "get: No settings file exists, new profile?" (new NotFoundError("Could not open the file at C:\\Users\\Abdullah\\AppData\\Local\\Temp\\rust_mozprofileCruHMV\\search.json.mozlz4", (void 0)))
DevTools listening on ws://localhost:57155/devtools/browser/66878a22-c349-446d-bd11-5f82169ab1e8
1649468045511	Marionette	INFO	Listening on port 57161
1649468045606	RemoteAgent	WARN	TLS certificate errors will be ignored for this session
1649468053902	Marionette	INFO	Stopped listening on port 57161
1649468080815	geckodriver	INFO	Listening on 127.0.0.1:57260
1649468083898	mozrunner::runner	INFO	Running command: "C:\\Program Files\\Firefox Developer Edition\\firefox.exe" "--marionette" "--remote-debugging-port" "57261" "-no-remote" "-profile" "C:\\Users\\Abdullah\\AppData\\Local\\Temp\\rust_mozprofilebZ3IJA"
1649468084248	Marionette	INFO	Marionette enabled
console.warn: SearchSettings: "get: No settings file exists, new profile?" (new NotFoundError("Could not open the file at C:\\Users\\Abdullah\\AppData\\Local\\Temp\\rust_mozprofilebZ3IJA\\search.json.mozlz4", (void 0)))
DevTools listening on ws://localhost:57261/devtools/browser/3cc25811-4189-4002-a0ab-176acec59392
1649468086872	Marionette	INFO	Listening on port 57267
1649468087074	RemoteAgent	WARN	TLS certificate errors will be ignored for this session
1649468095377	Marionette	INFO	Stopped listening on port 57267

###!!! [Parent][PGPUParent] Error: RunMessage(msgname=PGPU::Msg_ShutdownVR) Channel closing: too late to send/recv, messages will be lost

1649468512981	geckodriver	INFO	Listening on 127.0.0.1:57704
1649468516085	mozrunner::runner	INFO	Running command: "C:\\Program Files\\Firefox Developer Edition\\firefox.exe" "--marionette" "--remote-debugging-port" "57705" "-no-remote" "-profile" "C:\\Users\\Abdullah\\AppData\\Local\\Temp\\rust_mozprofileeVtGiH"
1649468516429	Marionette	INFO	Marionette enabled
console.warn: SearchSettings: "get: No settings file exists, new profile?" (new NotFoundError("Could not open the file at C:\\Users\\Abdullah\\AppData\\Local\\Temp\\rust_mozprofileeVtGiH\\search.json.mozlz4", (void 0)))
DevTools listening on ws://localhost:57705/devtools/browser/ba89b81f-bd1f-4783-8bf0-74168382906a
1649468518005	Marionette	INFO	Listening on port 57711
1649468518144	RemoteAgent	WARN	TLS certificate errors will be ignored for this session
1649468526378	Marionette	INFO	Stopped listening on port 57711

###!!! [Parent][PGPUParent] Error: RunMessage(msgname=PGPU::Msg_ShutdownVR) Channel closing: too late to send/recv, messages will be lost

1649469096945	geckodriver	INFO	Listening on 127.0.0.1:58440
1649469100026	mozrunner::runner	INFO	Running command: "C:\\Program Files\\Firefox Developer Edition\\firefox.exe" "--marionette" "--remote-debugging-port" "58441" "-no-remote" "-profile" "C:\\Users\\Abdullah\\AppData\\Local\\Temp\\rust_mozprofileNayUqF"
1649469100366	Marionette	INFO	Marionette enabled
console.warn: SearchSettings: "get: No settings file exists, new profile?" (new NotFoundError("Could not open the file at C:\\Users\\Abdullah\\AppData\\Local\\Temp\\rust_mozprofileNayUqF\\search.json.mozlz4", (void 0)))
DevTools listening on ws://localhost:58441/devtools/browser/46179baa-0bb9-4476-9ccc-dc99405ba11f
1649469102009	Marionette	INFO	Listening on port 58449
1649469102088	RemoteAgent	WARN	TLS certificate errors will be ignored for this session
1649469109783	Marionette	INFO	Stopped listening on port 58449
[Parent 34576, IPC I/O Parent] WARNING: file /builds/worker/checkouts/gecko/ipc/chromium/src/base/process_util_win.cc:167
1649469156830	geckodriver	INFO	Listening on 127.0.0.1:58541
1649469159905	mozrunner::runner	INFO	Running command: "C:\\Program Files\\Firefox Developer Edition\\firefox.exe" "--marionette" "--remote-debugging-port" "58542" "-no-remote" "-profile" "C:\\Users\\Abdullah\\AppData\\Local\\Temp\\rust_mozprofile0MvHfp"
1649469160241	Marionette	INFO	Marionette enabled
console.warn: SearchSettings: "get: No settings file exists, new profile?" (new NotFoundError("Could not open the file at C:\\Users\\Abdullah\\AppData\\Local\\Temp\\rust_mozprofile0MvHfp\\search.json.mozlz4", (void 0)))
DevTools listening on ws://localhost:58542/devtools/browser/ab278038-a75e-4464-9edd-2786a243323a
1649469161799	Marionette	INFO	Listening on port 58548
1649469161963	RemoteAgent	WARN	TLS certificate errors will be ignored for this session
1649469169913	Marionette	INFO	Stopped listening on port 58548
1649469482092	geckodriver	INFO	Listening on 127.0.0.1:58802
1649469485177	mozrunner::runner	INFO	Running command: "C:\\Program Files\\Firefox Developer Edition\\firefox.exe" "--marionette" "--remote-debugging-port" "58803" "-no-remote" "-profile" "C:\\Users\\Abdullah\\AppData\\Local\\Temp\\rust_mozprofileWdHlG3"
1649469485515	Marionette	INFO	Marionette enabled
console.warn: SearchSettings: "get: No settings file exists, new profile?" (new NotFoundError("Could not open the file at C:\\Users\\Abdullah\\AppData\\Local\\Temp\\rust_mozprofileWdHlG3\\search.json.mozlz4", (void 0)))
DevTools listening on ws://localhost:58803/devtools/browser/6cc2eb6c-b772-49e2-8eb7-b96a383ce09b
1649469487060	Marionette	INFO	Listening on port 58809
1649469487248	RemoteAgent	WARN	TLS certificate errors will be ignored for this session
1649469495254	Marionette	INFO	Stopped listening on port 58809
[Parent 13224, IPC I/O Parent] WARNING: file /builds/worker/checkouts/gecko/ipc/chromium/src/base/process_util_win.cc:167
1649469552791	geckodriver	INFO	Listening on 127.0.0.1:58909
1649469555884	mozrunner::runner	INFO	Running command: "C:\\Program Files\\Firefox Developer Edition\\firefox.exe" "--marionette" "--remote-debugging-port" "58910" "-no-remote" "-profile" "C:\\Users\\Abdullah\\AppData\\Local\\Temp\\rust_mozprofileBhryOp"
1649469556230	Marionette	INFO	Marionette enabled
console.warn: SearchSettings: "get: No settings file exists, new profile?" (new NotFoundError("Could not open the file at C:\\Users\\Abdullah\\AppData\\Local\\Temp\\rust_mozprofileBhryOp\\search.json.mozlz4", (void 0)))
DevTools listening on ws://localhost:58910/devtools/browser/7aa9876f-e72c-49b9-ae07-1d554d165450
1649469557796	Marionette	INFO	Listening on port 58917
1649469557935	RemoteAgent	WARN	TLS certificate errors will be ignored for this session
1649469565799	Marionette	INFO	Stopped listening on port 58917

###!!! [Parent][PGPUParent] Error: RunMessage(msgname=PGPU::Msg_ShutdownVR) Channel closing: too late to send/recv, messages will be lost

1649469609112	geckodriver	INFO	Listening on 127.0.0.1:59006
1649469612185	mozrunner::runner	INFO	Running command: "C:\\Program Files\\Firefox Developer Edition\\firefox.exe" "--marionette" "--remote-debugging-port" "59007" "-no-remote" "-profile" "C:\\Users\\Abdullah\\AppData\\Local\\Temp\\rust_mozprofileiqGnkd"
1649469612528	Marionette	INFO	Marionette enabled
console.warn: SearchSettings: "get: No settings file exists, new profile?" (new NotFoundError("Could not open the file at C:\\Users\\Abdullah\\AppData\\Local\\Temp\\rust_mozprofileiqGnkd\\search.json.mozlz4", (void 0)))
DevTools listening on ws://localhost:59007/devtools/browser/eeeac474-22b7-43ea-bdfc-7721e3d203a8
1649469614096	Marionette	INFO	Listening on port 59013
1649469614247	RemoteAgent	WARN	TLS certificate errors will be ignored for this session
1649469618932	Marionette	INFO	Stopped listening on port 59013
1649469734048	geckodriver	INFO	Listening on 127.0.0.1:59147
1649469737119	mozrunner::runner	INFO	Running command: "C:\\Program Files\\Firefox Developer Edition\\firefox.exe" "--marionette" "--remote-debugging-port" "59148" "-no-remote" "-profile" "C:\\Users\\Abdullah\\AppData\\Local\\Temp\\rust_mozprofileJhxuhu"
1649469737457	Marionette	INFO	Marionette enabled
console.warn: SearchSettings: "get: No settings file exists, new profile?" (new NotFoundError("Could not open the file at C:\\Users\\Abdullah\\AppData\\Local\\Temp\\rust_mozprofileJhxuhu\\search.json.mozlz4", (void 0)))
DevTools listening on ws://localhost:59148/devtools/browser/86abc77e-6c7d-48d4-9554-e57ada773028
1649469739010	Marionette	INFO	Listening on port 59154
1649469739195	RemoteAgent	WARN	TLS certificate errors will be ignored for this session
1649469745070	Marionette	INFO	Stopped listening on port 59154

###!!! [Parent][PGPUParent] Error: RunMessage(msgname=PGPU::Msg_ShutdownVR) Channel closing: too late to send/recv, messages will be lost

1649470023855	geckodriver	INFO	Listening on 127.0.0.1:59383
1649470026916	mozrunner::runner	INFO	Running command: "C:\\Program Files\\Firefox Developer Edition\\firefox.exe" "--marionette" "--remote-debugging-port" "59384" "-no-remote" "-profile" "C:\\Users\\Abdullah\\AppData\\Local\\Temp\\rust_mozprofileloqaGR"
1649470027256	Marionette	INFO	Marionette enabled
console.warn: SearchSettings: "get: No settings file exists, new profile?" (new NotFoundError("Could not open the file at C:\\Users\\Abdullah\\AppData\\Local\\Temp\\rust_mozprofileloqaGR\\search.json.mozlz4", (void 0)))
DevTools listening on ws://localhost:59384/devtools/browser/ee94599d-ab73-4d1f-b1c2-72becd387489
1649470028828	Marionette	INFO	Listening on port 59391
1649470028991	RemoteAgent	WARN	TLS certificate errors will be ignored for this session
1649470191317	Marionette	INFO	Stopped listening on port 59391
console.warn: TopSitesFeed: Failed to fetch data from Contile server: NetworkError when attempting to fetch resource.
[Parent 24556, IPC I/O Parent] WARNING: file /builds/worker/checkouts/gecko/ipc/chromium/src/base/process_util_win.cc:167
1649470195038	geckodriver	INFO	Listening on 127.0.0.1:59555
1649470198148	mozrunner::runner	INFO	Running command: "C:\\Program Files\\Firefox Developer Edition\\firefox.exe" "--marionette" "--remote-debugging-port" "59556" "-no-remote" "-profile" "C:\\Users\\Abdullah\\AppData\\Local\\Temp\\rust_mozprofiletbzlLO"
1649470198510	Marionette	INFO	Marionette enabled
console.warn: SearchSettings: "get: No settings file exists, new profile?" (new NotFoundError("Could not open the file at C:\\Users\\Abdullah\\AppData\\Local\\Temp\\rust_mozprofiletbzlLO\\search.json.mozlz4", (void 0)))
DevTools listening on ws://localhost:59556/devtools/browser/dbbaf959-e72a-465f-b4cf-d43727a59c3f
1649470200036	Marionette	INFO	Listening on port 59565
1649470200216	RemoteAgent	WARN	TLS certificate errors will be ignored for this session
1649470208530	Marionette	INFO	Stopped listening on port 59565
console.warn: TopSitesFeed: Failed to fetch data from Contile server: NetworkError when attempting to fetch resource.
[Parent 13216, IPC I/O Parent] WARNING: file /builds/worker/checkouts/gecko/ipc/chromium/src/base/process_util_win.cc:167

###!!! [Parent][PGPUParent] Error: RunMessage(msgname=PGPU::Msg_ShutdownVR) Channel closing: too late to send/recv, messages will be lost

1649470235994	geckodriver	INFO	Listening on 127.0.0.1:59653
1649470239056	mozrunner::runner	INFO	Running command: "C:\\Program Files\\Firefox Developer Edition\\firefox.exe" "--marionette" "--remote-debugging-port" "59654" "-no-remote" "-profile" "C:\\Users\\Abdullah\\AppData\\Local\\Temp\\rust_mozprofilei9FAQe"
1649470239408	Marionette	INFO	Marionette enabled
console.warn: SearchSettings: "get: No settings file exists, new profile?" (new NotFoundError("Could not open the file at C:\\Users\\Abdullah\\AppData\\Local\\Temp\\rust_mozprofilei9FAQe\\search.json.mozlz4", (void 0)))
DevTools listening on ws://localhost:59654/devtools/browser/96aeb232-8a01-4717-9cdd-8d5d9e421df3
1649470241057	Marionette	INFO	Listening on port 59661
1649470241137	RemoteAgent	WARN	TLS certificate errors will be ignored for this session
1649470246826	Marionette	INFO	Stopped listening on port 59661

###!!! [Child][PContentChild] Error: RunMessage(msgname=PHttpChannel::Msg_DeleteSelf) Channel closing: too late to send/recv, messages will be lost


###!!! [Parent][PGPUParent] Error: RunMessage(msgname=PGPU::Msg_ShutdownVR) Channel closing: too late to send/recv, messages will be lost

1649470354829	geckodriver	INFO	Listening on 127.0.0.1:59790
1649470357914	mozrunner::runner	INFO	Running command: "C:\\Program Files\\Firefox Developer Edition\\firefox.exe" "--marionette" "--remote-debugging-port" "59791" "-no-remote" "-profile" "C:\\Users\\Abdullah\\AppData\\Local\\Temp\\rust_mozprofileOHMJpy"
1649470358246	Marionette	INFO	Marionette enabled
console.warn: SearchSettings: "get: No settings file exists, new profile?" (new NotFoundError("Could not open the file at C:\\Users\\Abdullah\\AppData\\Local\\Temp\\rust_mozprofileOHMJpy\\search.json.mozlz4", (void 0)))
DevTools listening on ws://localhost:59791/devtools/browser/a81eb2ee-6f6f-4eee-9983-119e2ad9ac90
1649470359849	Marionette	INFO	Listening on port 59798
1649470360020	RemoteAgent	WARN	TLS certificate errors will be ignored for this session
1649470365968	Marionette	INFO	Stopped listening on port 59798
1649470400452	geckodriver	INFO	Listening on 127.0.0.1:59894
1649470403538	mozrunner::runner	INFO	Running command: "C:\\Program Files\\Firefox Developer Edition\\firefox.exe" "--marionette" "--remote-debugging-port" "59895" "-no-remote" "-profile" "C:\\Users\\Abdullah\\AppData\\Local\\Temp\\rust_mozprofilek4VV15"
1649470403882	Marionette	INFO	Marionette enabled
console.warn: SearchSettings: "get: No settings file exists, new profile?" (new NotFoundError("Could not open the file at C:\\Users\\Abdullah\\AppData\\Local\\Temp\\rust_mozprofilek4VV15\\search.json.mozlz4", (void 0)))
DevTools listening on ws://localhost:59895/devtools/browser/4582dbfa-0db1-43b5-836b-348a36a20262
1649470405464	Marionette	INFO	Listening on port 59903
1649470405607	RemoteAgent	WARN	TLS certificate errors will be ignored for this session
1649470411468	Marionette	INFO	Stopped listening on port 59903

###!!! [Parent][PGPUParent] Error: RunMessage(msgname=PGPU::Msg_ShutdownVR) Channel closing: too late to send/recv, messages will be lost

1649470630056	geckodriver	INFO	Listening on 127.0.0.1:60081
1649470633129	mozrunner::runner	INFO	Running command: "C:\\Program Files\\Firefox Developer Edition\\firefox.exe" "--marionette" "--remote-debugging-port" "60082" "-no-remote" "-profile" "C:\\Users\\Abdullah\\AppData\\Local\\Temp\\rust_mozprofileIhfoh4"
1649470633470	Marionette	INFO	Marionette enabled
console.warn: SearchSettings: "get: No settings file exists, new profile?" (new NotFoundError("Could not open the file at C:\\Users\\Abdullah\\AppData\\Local\\Temp\\rust_mozprofileIhfoh4\\search.json.mozlz4", (void 0)))
DevTools listening on ws://localhost:60082/devtools/browser/d937811e-d2d1-4f9b-8792-c9958545f41d
1649470635002	Marionette	INFO	Listening on port 60089
1649470635185	RemoteAgent	WARN	TLS certificate errors will be ignored for this session
1649470640928	Marionette	INFO	Stopped listening on port 60089

###!!! [Parent][PGPUParent] Error: RunMessage(msgname=PGPU::Msg_ShutdownVR) Channel closing: too late to send/recv, messages will be lost

1649471547205	geckodriver	INFO	Listening on 127.0.0.1:60667
1649471550299	mozrunner::runner	INFO	Running command: "C:\\Program Files\\Firefox Developer Edition\\firefox.exe" "--marionette" "--remote-debugging-port" "60668" "-no-remote" "-profile" "C:\\Users\\Abdullah\\AppData\\Local\\Temp\\rust_mozprofileLiRI6A"
1649471550646	Marionette	INFO	Marionette enabled
console.warn: SearchSettings: "get: No settings file exists, new profile?" (new NotFoundError("Could not open the file at C:\\Users\\Abdullah\\AppData\\Local\\Temp\\rust_mozprofileLiRI6A\\search.json.mozlz4", (void 0)))
DevTools listening on ws://localhost:60668/devtools/browser/a4de3d5e-f473-4391-9b87-521caaf653bb
1649471552241	Marionette	INFO	Listening on port 60675
1649471552370	RemoteAgent	WARN	TLS certificate errors will be ignored for this session
1649471558486	Marionette	INFO	Stopped listening on port 60675

###!!! [Parent][PGPUParent] Error: RunMessage(msgname=PGPU::Msg_ShutdownVR) Channel closing: too late to send/recv, messages will be lost

1649471625797	geckodriver	INFO	Listening on 127.0.0.1:60776
1649471628870	mozrunner::runner	INFO	Running command: "C:\\Program Files\\Firefox Developer Edition\\firefox.exe" "--marionette" "--remote-debugging-port" "60777" "-no-remote" "-profile" "C:\\Users\\Abdullah\\AppData\\Local\\Temp\\rust_mozprofileEVIhOh"
1649471629200	Marionette	INFO	Marionette enabled
console.warn: SearchSettings: "get: No settings file exists, new profile?" (new NotFoundError("Could not open the file at C:\\Users\\Abdullah\\AppData\\Local\\Temp\\rust_mozprofileEVIhOh\\search.json.mozlz4", (void 0)))
DevTools listening on ws://localhost:60777/devtools/browser/0e1693ea-b3b1-4ace-af01-71fc01b7200a
1649471630673	Marionette	INFO	Listening on port 60783
1649471630926	RemoteAgent	WARN	TLS certificate errors will be ignored for this session
1649471636794	Marionette	INFO	Stopped listening on port 60783

###!!! [Child][PContentChild] Error: Send(msgname=PContent::Msg_ScriptError) Channel closing: too late to send/recv, messages will be lost


###!!! [Child][PContentChild] Error: Send(msgname=PContent::Msg_ScriptError) Channel closing: too late to send/recv, messages will be lost


###!!! [Child][PContentChild] Error: Send(msgname=PContent::Msg_ScriptError) Channel closing: too late to send/recv, messages will be lost


###!!! [Child][PContentChild] Error: Send(msgname=PContent::Msg_ScriptError) Channel closing: too late to send/recv, messages will be lost


###!!! [Child][PContentChild] Error: RunMessage(msgname=PHttpChannel::Msg_DeleteSelf) Channel closing: too late to send/recv, messages will be lost


###!!! [Child][PContentChild] Error: Send(msgname=PContent::Msg_ScriptError) Channel closing: too late to send/recv, messages will be lost


###!!! [Child][PContentChild] Error: RunMessage(msgname=PHttpChannel::Msg_DeleteSelf) Channel closing: too late to send/recv, messages will be lost

1649471715303	geckodriver	INFO	Listening on 127.0.0.1:60876
1649471718399	mozrunner::runner	INFO	Running command: "C:\\Program Files\\Firefox Developer Edition\\firefox.exe" "--marionette" "--remote-debugging-port" "60877" "-no-remote" "-profile" "C:\\Users\\Abdullah\\AppData\\Local\\Temp\\rust_mozprofileZJfwDN"
1649471718731	Marionette	INFO	Marionette enabled
console.warn: SearchSettings: "get: No settings file exists, new profile?" (new NotFoundError("Could not open the file at C:\\Users\\Abdullah\\AppData\\Local\\Temp\\rust_mozprofileZJfwDN\\search.json.mozlz4", (void 0)))
DevTools listening on ws://localhost:60877/devtools/browser/380ab191-10d8-43c2-baf4-3a9e5009a3fc
1649471720310	Marionette	INFO	Listening on port 60883
1649471720449	RemoteAgent	WARN	TLS certificate errors will be ignored for this session
1649471753138	Marionette	INFO	Stopped listening on port 60883
console.warn: TopSitesFeed: Failed to fetch data from Contile server: NetworkError when attempting to fetch resource.
1649471760859	geckodriver	INFO	Listening on 127.0.0.1:60967
1649471763935	mozrunner::runner	INFO	Running command: "C:\\Program Files\\Firefox Developer Edition\\firefox.exe" "--marionette" "--remote-debugging-port" "60968" "-no-remote" "-profile" "C:\\Users\\Abdullah\\AppData\\Local\\Temp\\rust_mozprofilez2r9ew"
1649471764265	Marionette	INFO	Marionette enabled
console.warn: SearchSettings: "get: No settings file exists, new profile?" (new NotFoundError("Could not open the file at C:\\Users\\Abdullah\\AppData\\Local\\Temp\\rust_mozprofilez2r9ew\\search.json.mozlz4", (void 0)))
DevTools listening on ws://localhost:60968/devtools/browser/26550468-975a-435f-b3be-715d522c803d
1649471765758	Marionette	INFO	Listening on port 60976
1649471766003	RemoteAgent	WARN	TLS certificate errors will be ignored for this session
1649471771719	Marionette	INFO	Stopped listening on port 60976

###!!! [Parent][PGPUParent] Error: RunMessage(msgname=PGPU::Msg_ShutdownVR) Channel closing: too late to send/recv, messages will be lost

1649471801546	geckodriver	INFO	Listening on 127.0.0.1:61061
1649471804623	mozrunner::runner	INFO	Running command: "C:\\Program Files\\Firefox Developer Edition\\firefox.exe" "--marionette" "--remote-debugging-port" "61062" "-no-remote" "-profile" "C:\\Users\\Abdullah\\AppData\\Local\\Temp\\rust_mozprofileseSU6y"
1649471804955	Marionette	INFO	Marionette enabled
console.warn: SearchSettings: "get: No settings file exists, new profile?" (new NotFoundError("Could not open the file at C:\\Users\\Abdullah\\AppData\\Local\\Temp\\rust_mozprofileseSU6y\\search.json.mozlz4", (void 0)))
DevTools listening on ws://localhost:61062/devtools/browser/5c948177-f9ea-4b7c-ae66-57550dc3d7b6
1649471806500	Marionette	INFO	Listening on port 61069
1649471806677	RemoteAgent	WARN	TLS certificate errors will be ignored for this session
1649471814253	Marionette	INFO	Stopped listening on port 61069

###!!! [Parent][PGPUParent] Error: RunMessage(msgname=PGPU::Msg_ShutdownVR) Channel closing: too late to send/recv, messages will be lost

1649472032267	geckodriver	INFO	Listening on 127.0.0.1:61265
1649472035349	mozrunner::runner	INFO	Running command: "C:\\Program Files\\Firefox Developer Edition\\firefox.exe" "--marionette" "--remote-debugging-port" "61266" "-no-remote" "-profile" "C:\\Users\\Abdullah\\AppData\\Local\\Temp\\rust_mozprofilek73UfJ"
1649472035687	Marionette	INFO	Marionette enabled
console.warn: SearchSettings: "get: No settings file exists, new profile?" (new NotFoundError("Could not open the file at C:\\Users\\Abdullah\\AppData\\Local\\Temp\\rust_mozprofilek73UfJ\\search.json.mozlz4", (void 0)))
DevTools listening on ws://localhost:61266/devtools/browser/ae4fbf38-7998-4224-ac93-5f34db914b0d
1649472037169	Marionette	INFO	Listening on port 61273
1649472037402	RemoteAgent	WARN	TLS certificate errors will be ignored for this session
1649472043459	Marionette	INFO	Stopped listening on port 61273

###!!! [Parent][PGPUParent] Error: RunMessage(msgname=PGPU::Msg_ShutdownVR) Channel closing: too late to send/recv, messages will be lost

1649472312494	geckodriver	INFO	Listening on 127.0.0.1:61493
1649472315571	mozrunner::runner	INFO	Running command: "C:\\Program Files\\Firefox Developer Edition\\firefox.exe" "--marionette" "--remote-debugging-port" "61494" "-no-remote" "-profile" "C:\\Users\\Abdullah\\AppData\\Local\\Temp\\rust_mozprofileXRmEH6"
1649472315905	Marionette	INFO	Marionette enabled
console.warn: SearchSettings: "get: No settings file exists, new profile?" (new NotFoundError("Could not open the file at C:\\Users\\Abdullah\\AppData\\Local\\Temp\\rust_mozprofileXRmEH6\\search.json.mozlz4", (void 0)))
DevTools listening on ws://localhost:61494/devtools/browser/c8df0801-07b7-4346-b902-c0e4a5b579cc
1649472317508	Marionette	INFO	Listening on port 61501
1649472317636	RemoteAgent	WARN	TLS certificate errors will be ignored for this session
1649472329143	Marionette	INFO	Stopped listening on port 61501
console.warn: TopSitesFeed: Failed to fetch data from Contile server: NetworkError when attempting to fetch resource.
[Parent 28528, IPC I/O Parent] WARNING: file /builds/worker/checkouts/gecko/ipc/chromium/src/base/process_util_win.cc:167
1649472347093	geckodriver	INFO	Listening on 127.0.0.1:61583
1649472350169	mozrunner::runner	INFO	Running command: "C:\\Program Files\\Firefox Developer Edition\\firefox.exe" "--marionette" "--remote-debugging-port" "61584" "-no-remote" "-profile" "C:\\Users\\Abdullah\\AppData\\Local\\Temp\\rust_mozprofileeI27z8"
1649472350495	Marionette	INFO	Marionette enabled
console.warn: SearchSettings: "get: No settings file exists, new profile?" (new NotFoundError("Could not open the file at C:\\Users\\Abdullah\\AppData\\Local\\Temp\\rust_mozprofileeI27z8\\search.json.mozlz4", (void 0)))
DevTools listening on ws://localhost:61584/devtools/browser/3977df5f-f353-4552-924d-6b5eb944a4c6
1649472352068	Marionette	INFO	Listening on port 61590
1649472352243	RemoteAgent	WARN	TLS certificate errors will be ignored for this session
1649472357952	Marionette	INFO	Stopped listening on port 61590
1649472749527	geckodriver	INFO	Listening on 127.0.0.1:61884
1649472752590	mozrunner::runner	INFO	Running command: "C:\\Program Files\\Firefox Developer Edition\\firefox.exe" "--marionette" "--remote-debugging-port" "61885" "-no-remote" "-profile" "C:\\Users\\Abdullah\\AppData\\Local\\Temp\\rust_mozprofilehWZSo4"
1649472752926	Marionette	INFO	Marionette enabled
console.warn: SearchSettings: "get: No settings file exists, new profile?" (new NotFoundError("Could not open the file at C:\\Users\\Abdullah\\AppData\\Local\\Temp\\rust_mozprofilehWZSo4\\search.json.mozlz4", (void 0)))
DevTools listening on ws://localhost:61885/devtools/browser/8684339f-13c7-4c95-ac84-4a571049adac
1649472754438	Marionette	INFO	Listening on port 61891
1649472754650	RemoteAgent	WARN	TLS certificate errors will be ignored for this session
1649472787609	Marionette	INFO	Stopped listening on port 61891
console.warn: TopSitesFeed: Failed to fetch data from Contile server: NetworkError when attempting to fetch resource.
1649472794644	geckodriver	INFO	Listening on 127.0.0.1:61977
1649472797722	mozrunner::runner	INFO	Running command: "C:\\Program Files\\Firefox Developer Edition\\firefox.exe" "--marionette" "--remote-debugging-port" "61978" "-no-remote" "-profile" "C:\\Users\\Abdullah\\AppData\\Local\\Temp\\rust_mozprofileJb40n8"
1649472798067	Marionette	INFO	Marionette enabled
console.warn: SearchSettings: "get: No settings file exists, new profile?" (new NotFoundError("Could not open the file at C:\\Users\\Abdullah\\AppData\\Local\\Temp\\rust_mozprofileJb40n8\\search.json.mozlz4", (void 0)))
DevTools listening on ws://localhost:61978/devtools/browser/f4a27fa3-19b8-4c18-80c1-87a588d81842
1649472799638	Marionette	INFO	Listening on port 61984
1649472799787	RemoteAgent	WARN	TLS certificate errors will be ignored for this session
1649472805343	Marionette	INFO	Stopped listening on port 61984
1649472836835	geckodriver	INFO	Listening on 127.0.0.1:62061
1649472839906	mozrunner::runner	INFO	Running command: "C:\\Program Files\\Firefox Developer Edition\\firefox.exe" "--marionette" "--remote-debugging-port" "62062" "-no-remote" "-profile" "C:\\Users\\Abdullah\\AppData\\Local\\Temp\\rust_mozprofileSBB01R"
1649472840242	Marionette	INFO	Marionette enabled
console.warn: SearchSettings: "get: No settings file exists, new profile?" (new NotFoundError("Could not open the file at C:\\Users\\Abdullah\\AppData\\Local\\Temp\\rust_mozprofileSBB01R\\search.json.mozlz4", (void 0)))
DevTools listening on ws://localhost:62062/devtools/browser/e3dc7842-eb76-44e9-b2f2-0ca7d7182bc7
1649472841862	Marionette	INFO	Listening on port 62069
1649472841961	RemoteAgent	WARN	TLS certificate errors will be ignored for this session
1649472857010	Marionette	INFO	Stopped listening on port 62069
console.warn: TopSitesFeed: Failed to fetch data from Contile server: NetworkError when attempting to fetch resource.
[Parent 4188, IPC I/O Parent] WARNING: file /builds/worker/checkouts/gecko/ipc/chromium/src/base/process_util_win.cc:167
[Parent 4188, IPC I/O Parent] WARNING: file /builds/worker/checkouts/gecko/ipc/chromium/src/base/process_util_win.cc:167
1649472859309	geckodriver	INFO	Listening on 127.0.0.1:62149
1649472862419	mozrunner::runner	INFO	Running command: "C:\\Program Files\\Firefox Developer Edition\\firefox.exe" "--marionette" "--remote-debugging-port" "62150" "-no-remote" "-profile" "C:\\Users\\Abdullah\\AppData\\Local\\Temp\\rust_mozprofileaJNzh7"
1649472863081	Marionette	INFO	Marionette enabled
console.warn: SearchSettings: "get: No settings file exists, new profile?" (new NotFoundError("Could not open the file at C:\\Users\\Abdullah\\AppData\\Local\\Temp\\rust_mozprofileaJNzh7\\search.json.mozlz4", (void 0)))
DevTools listening on ws://localhost:62150/devtools/browser/d93ad107-34ef-4fd3-bece-00d322066e02
1649472865845	Marionette	INFO	Listening on port 62156
1649472866198	RemoteAgent	WARN	TLS certificate errors will be ignored for this session
1649472870548	Marionette	INFO	Stopped listening on port 62156

###!!! [Parent][PGPUParent] Error: RunMessage(msgname=PGPU::Msg_ShutdownVR) Channel closing: too late to send/recv, messages will be lost

[Parent 23472, IPC I/O Parent] WARNING: file /builds/worker/checkouts/gecko/ipc/chromium/src/base/process_util_win.cc:167
1649502784301	geckodriver	INFO	Listening on 127.0.0.1:63940
1649502787405	mozrunner::runner	INFO	Running command: "C:\\Program Files\\Firefox Developer Edition\\firefox.exe" "--marionette" "--remote-debugging-port" "63941" "-no-remote" "-profile" "C:\\Users\\Abdullah\\AppData\\Local\\Temp\\rust_mozprofileU1qjtn"
1649502787750	Marionette	INFO	Marionette enabled
console.warn: SearchSettings: "get: No settings file exists, new profile?" (new NotFoundError("Could not open the file at C:\\Users\\Abdullah\\AppData\\Local\\Temp\\rust_mozprofileU1qjtn\\search.json.mozlz4", (void 0)))
DevTools listening on ws://localhost:63941/devtools/browser/8e3381f8-b53b-4e17-9945-d99467c112ee
1649502789362	Marionette	INFO	Listening on port 63950
1649502789465	RemoteAgent	WARN	TLS certificate errors will be ignored for this session
1649502794341	Marionette	INFO	Stopped listening on port 63950
1649503015861	geckodriver	INFO	Listening on 127.0.0.1:64138
1649503018948	mozrunner::runner	INFO	Running command: "C:\\Program Files\\Firefox Developer Edition\\firefox.exe" "--marionette" "--remote-debugging-port" "64139" "-no-remote" "-profile" "C:\\Users\\Abdullah\\AppData\\Local\\Temp\\rust_mozprofile3eAcB8"
1649503019295	Marionette	INFO	Marionette enabled
console.warn: SearchSettings: "get: No settings file exists, new profile?" (new NotFoundError("Could not open the file at C:\\Users\\Abdullah\\AppData\\Local\\Temp\\rust_mozprofile3eAcB8\\search.json.mozlz4", (void 0)))
DevTools listening on ws://localhost:64139/devtools/browser/55c520bc-45a3-4581-b915-75129009c36c
1649503020766	Marionette	INFO	Listening on port 64148
1649503021018	RemoteAgent	WARN	TLS certificate errors will be ignored for this session
1649503045186	Marionette	INFO	Stopped listening on port 64148
console.warn: TopSitesFeed: Failed to fetch data from Contile server: NetworkError when attempting to fetch resource.
[Parent 30856, IPC I/O Parent] WARNING: file /builds/worker/checkouts/gecko/ipc/chromium/src/base/process_util_win.cc:167
1649503046795	geckodriver	INFO	Listening on 127.0.0.1:64227
1649503049850	mozrunner::runner	INFO	Running command: "C:\\Program Files\\Firefox Developer Edition\\firefox.exe" "--marionette" "--remote-debugging-port" "64228" "-no-remote" "-profile" "C:\\Users\\Abdullah\\AppData\\Local\\Temp\\rust_mozprofilePBbNZe"
1649503050186	Marionette	INFO	Marionette enabled
console.warn: SearchSettings: "get: No settings file exists, new profile?" (new NotFoundError("Could not open the file at C:\\Users\\Abdullah\\AppData\\Local\\Temp\\rust_mozprofilePBbNZe\\search.json.mozlz4", (void 0)))
DevTools listening on ws://localhost:64228/devtools/browser/6e9839a1-0dfb-4f25-9113-02d224793e49
1649503051650	Marionette	INFO	Listening on port 64235
1649503051902	RemoteAgent	WARN	TLS certificate errors will be ignored for this session
1649503056426	Marionette	INFO	Stopped listening on port 64235

###!!! [Parent][PGPUParent] Error: RunMessage(msgname=PGPU::Msg_ShutdownVR) Channel closing: too late to send/recv, messages will be lost

1649503347208	geckodriver	INFO	Listening on 127.0.0.1:64569
1649503350284	mozrunner::runner	INFO	Running command: "C:\\Program Files\\Firefox Developer Edition\\firefox.exe" "--marionette" "--remote-debugging-port" "64570" "-no-remote" "-profile" "C:\\Users\\Abdullah\\AppData\\Local\\Temp\\rust_mozprofileg18oOJ"
1649503350625	Marionette	INFO	Marionette enabled
console.warn: SearchSettings: "get: No settings file exists, new profile?" (new NotFoundError("Could not open the file at C:\\Users\\Abdullah\\AppData\\Local\\Temp\\rust_mozprofileg18oOJ\\search.json.mozlz4", (void 0)))
DevTools listening on ws://localhost:64570/devtools/browser/d82df504-05f1-48b6-8812-aa87feb5e400
1649503352226	Marionette	INFO	Listening on port 64576
1649503352342	RemoteAgent	WARN	TLS certificate errors will be ignored for this session
1649503379424	Marionette	INFO	Stopped listening on port 64576
console.warn: TopSitesFeed: Failed to fetch data from Contile server: NetworkError when attempting to fetch resource.
[Parent 23828, IPC I/O Parent] WARNING: file /builds/worker/checkouts/gecko/ipc/chromium/src/base/process_util_win.cc:167
1649503381037	geckodriver	INFO	Listening on 127.0.0.1:64651
1649503384122	mozrunner::runner	INFO	Running command: "C:\\Program Files\\Firefox Developer Edition\\firefox.exe" "--marionette" "--remote-debugging-port" "64652" "-no-remote" "-profile" "C:\\Users\\Abdullah\\AppData\\Local\\Temp\\rust_mozprofileNVyQjS"
1649503384454	Marionette	INFO	Marionette enabled
console.warn: SearchSettings: "get: No settings file exists, new profile?" (new NotFoundError("Could not open the file at C:\\Users\\Abdullah\\AppData\\Local\\Temp\\rust_mozprofileNVyQjS\\search.json.mozlz4", (void 0)))
DevTools listening on ws://localhost:64652/devtools/browser/1b23eee1-a15f-4666-9b0a-e6fd6ee06ec5
1649503385983	Marionette	INFO	Listening on port 64658
1649503386185	RemoteAgent	WARN	TLS certificate errors will be ignored for this session
1649503407951	Marionette	INFO	Stopped listening on port 64658
console.warn: TopSitesFeed: Failed to fetch data from Contile server: NetworkError when attempting to fetch resource.
[Parent 23208, IPC I/O Parent] WARNING: file /builds/worker/checkouts/gecko/ipc/chromium/src/base/process_util_win.cc:167
1649503409947	geckodriver	INFO	Listening on 127.0.0.1:64734
1649503413009	mozrunner::runner	INFO	Running command: "C:\\Program Files\\Firefox Developer Edition\\firefox.exe" "--marionette" "--remote-debugging-port" "64735" "-no-remote" "-profile" "C:\\Users\\Abdullah\\AppData\\Local\\Temp\\rust_mozprofilepFX9We"
1649503413340	Marionette	INFO	Marionette enabled
console.warn: SearchSettings: "get: No settings file exists, new profile?" (new NotFoundError("Could not open the file at C:\\Users\\Abdullah\\AppData\\Local\\Temp\\rust_mozprofilepFX9We\\search.json.mozlz4", (void 0)))
DevTools listening on ws://localhost:64735/devtools/browser/86a84496-ef2f-4fb3-92d6-1fbae1dc9808
1649503414863	Marionette	INFO	Listening on port 64741
1649503415072	RemoteAgent	WARN	TLS certificate errors will be ignored for this session
1649503419633	Marionette	INFO	Stopped listening on port 64741
1649503479450	geckodriver	INFO	Listening on 127.0.0.1:64841
1649503482524	mozrunner::runner	INFO	Running command: "C:\\Program Files\\Firefox Developer Edition\\firefox.exe" "--marionette" "--remote-debugging-port" "64842" "-no-remote" "-profile" "C:\\Users\\Abdullah\\AppData\\Local\\Temp\\rust_mozprofileoZBxKW"
1649503482854	Marionette	INFO	Marionette enabled
console.warn: SearchSettings: "get: No settings file exists, new profile?" (new NotFoundError("Could not open the file at C:\\Users\\Abdullah\\AppData\\Local\\Temp\\rust_mozprofileoZBxKW\\search.json.mozlz4", (void 0)))
DevTools listening on ws://localhost:64842/devtools/browser/e2f52627-e0e4-40c6-a3ca-db7e9bc7f70a
1649503484458	Marionette	INFO	Listening on port 64848
1649503484587	RemoteAgent	WARN	TLS certificate errors will be ignored for this session
1649503493259	Marionette	INFO	Stopped listening on port 64848
console.warn: TopSitesFeed: Failed to fetch data from Contile server: NetworkError when attempting to fetch resource.
[Parent 26964, IPC I/O Parent] WARNING: file /builds/worker/checkouts/gecko/ipc/chromium/src/base/process_util_win.cc:167
1649503525571	geckodriver	INFO	Listening on 127.0.0.1:64920
1649503528662	mozrunner::runner	INFO	Running command: "C:\\Program Files\\Firefox Developer Edition\\firefox.exe" "--marionette" "--remote-debugging-port" "64921" "-no-remote" "-profile" "C:\\Users\\Abdullah\\AppData\\Local\\Temp\\rust_mozprofileucQcAu"
1649503529000	Marionette	INFO	Marionette enabled
console.warn: SearchSettings: "get: No settings file exists, new profile?" (new NotFoundError("Could not open the file at C:\\Users\\Abdullah\\AppData\\Local\\Temp\\rust_mozprofileucQcAu\\search.json.mozlz4", (void 0)))
DevTools listening on ws://localhost:64921/devtools/browser/a8ab4cc4-bcd3-4350-bcb4-459a487818d0
1649503530541	Marionette	INFO	Listening on port 64928
1649503530722	RemoteAgent	WARN	TLS certificate errors will be ignored for this session
1649503545704	Marionette	INFO	Stopped listening on port 64928
console.warn: TopSitesFeed: Failed to fetch data from Contile server: NetworkError when attempting to fetch resource.
[Parent 33888, IPC I/O Parent] WARNING: file /builds/worker/checkouts/gecko/ipc/chromium/src/base/process_util_win.cc:167

###!!! [Parent][PGPUParent] Error: RunMessage(msgname=PGPU::Msg_ShutdownVR) Channel closing: too late to send/recv, messages will be lost

1649503593443	geckodriver	INFO	Listening on 127.0.0.1:65024
1649503596539	mozrunner::runner	INFO	Running command: "C:\\Program Files\\Firefox Developer Edition\\firefox.exe" "--marionette" "--remote-debugging-port" "65025" "-no-remote" "-profile" "C:\\Users\\Abdullah\\AppData\\Local\\Temp\\rust_mozprofileVyI0sF"
1649503596871	Marionette	INFO	Marionette enabled
console.warn: SearchSettings: "get: No settings file exists, new profile?" (new NotFoundError("Could not open the file at C:\\Users\\Abdullah\\AppData\\Local\\Temp\\rust_mozprofileVyI0sF\\search.json.mozlz4", (void 0)))
DevTools listening on ws://localhost:65025/devtools/browser/6d067a88-e6f4-4d1b-8b3d-03ae9623d251
1649503598373	Marionette	INFO	Listening on port 65031
1649503598595	RemoteAgent	WARN	TLS certificate errors will be ignored for this session
1649503603185	Marionette	INFO	Stopped listening on port 65031
1649503633960	geckodriver	INFO	Listening on 127.0.0.1:65113
1649503637024	mozrunner::runner	INFO	Running command: "C:\\Program Files\\Firefox Developer Edition\\firefox.exe" "--marionette" "--remote-debugging-port" "65114" "-no-remote" "-profile" "C:\\Users\\Abdullah\\AppData\\Local\\Temp\\rust_mozprofile2YQAAM"
1649503637373	Marionette	INFO	Marionette enabled
console.warn: SearchSettings: "get: No settings file exists, new profile?" (new NotFoundError("Could not open the file at C:\\Users\\Abdullah\\AppData\\Local\\Temp\\rust_mozprofile2YQAAM\\search.json.mozlz4", (void 0)))
DevTools listening on ws://localhost:65114/devtools/browser/0cc4d132-1ee8-4a96-9fb5-c9ffa21eb785
1649503638928	Marionette	INFO	Listening on port 65121
1649503639086	RemoteAgent	WARN	TLS certificate errors will be ignored for this session
1649503643500	Marionette	INFO	Stopped listening on port 65121

###!!! [Child][PContentChild] Error: Send(msgname=PNecko::Msg_RemoveRequestContext) Channel closing: too late to send/recv, messages will be lost


###!!! [Child][PContentChild] Error: RunMessage(msgname=PHttpChannel::Msg_DeleteSelf) Channel closing: too late to send/recv, messages will be lost


###!!! [Child][PContentChild] Error: RunMessage(msgname=PHttpChannel::Msg_DeleteSelf) Channel closing: too late to send/recv, messages will be lost


###!!! [Child][PContentChild] Error: Send(msgname=PContent::Msg_ScriptError) Channel closing: too late to send/recv, messages will be lost


###!!! [Child][PContentChild] Error: RunMessage(msgname=PHttpChannel::Msg_DeleteSelf) Channel closing: too late to send/recv, messages will be lost

1649504208242	geckodriver	INFO	Listening on 127.0.0.1:64574
1649504211334	mozrunner::runner	INFO	Running command: "C:\\Program Files\\Firefox Developer Edition\\firefox.exe" "--marionette" "--remote-debugging-port" "64575" "-no-remote" "-profile" "C:\\Users\\Abdullah\\AppData\\Local\\Temp\\rust_mozprofilep4mRou"
1649504211666	Marionette	INFO	Marionette enabled
console.warn: SearchSettings: "get: No settings file exists, new profile?" (new NotFoundError("Could not open the file at C:\\Users\\Abdullah\\AppData\\Local\\Temp\\rust_mozprofilep4mRou\\search.json.mozlz4", (void 0)))
DevTools listening on ws://localhost:64575/devtools/browser/ecb1563a-428a-402f-9d3b-23c64599c484
1649504213167	Marionette	INFO	Listening on port 64581
1649504213395	RemoteAgent	WARN	TLS certificate errors will be ignored for this session
1649504246220	Marionette	INFO	Stopped listening on port 64581
console.warn: TopSitesFeed: Failed to fetch data from Contile server: NetworkError when attempting to fetch resource.
[Parent 4296, IPC I/O Parent] WARNING: file /builds/worker/checkouts/gecko/ipc/chromium/src/base/process_util_win.cc:167

###!!! [Parent][PGPUParent] Error: RunMessage(msgname=PGPU::Msg_ShutdownVR) Channel closing: too late to send/recv, messages will be lost

1649504247936	geckodriver	INFO	Listening on 127.0.0.1:64660
1649504251035	mozrunner::runner	INFO	Running command: "C:\\Program Files\\Firefox Developer Edition\\firefox.exe" "--marionette" "--remote-debugging-port" "64661" "-no-remote" "-profile" "C:\\Users\\Abdullah\\AppData\\Local\\Temp\\rust_mozprofileBQskw4"
1649504251387	Marionette	INFO	Marionette enabled
console.warn: SearchSettings: "get: No settings file exists, new profile?" (new NotFoundError("Could not open the file at C:\\Users\\Abdullah\\AppData\\Local\\Temp\\rust_mozprofileBQskw4\\search.json.mozlz4", (void 0)))
DevTools listening on ws://localhost:64661/devtools/browser/0b673002-c38d-427b-802d-0ae0028f7e99
1649504252871	Marionette	INFO	Listening on port 64667
1649504253089	RemoteAgent	WARN	TLS certificate errors will be ignored for this session
1649504262374	Marionette	INFO	Stopped listening on port 64667
1649504340050	geckodriver	INFO	Listening on 127.0.0.1:64782
1649504343146	mozrunner::runner	INFO	Running command: "C:\\Program Files\\Firefox Developer Edition\\firefox.exe" "--marionette" "--remote-debugging-port" "64783" "-no-remote" "-profile" "C:\\Users\\Abdullah\\AppData\\Local\\Temp\\rust_mozprofilennWLnW"
1649504343483	Marionette	INFO	Marionette enabled
console.warn: SearchSettings: "get: No settings file exists, new profile?" (new NotFoundError("Could not open the file at C:\\Users\\Abdullah\\AppData\\Local\\Temp\\rust_mozprofilennWLnW\\search.json.mozlz4", (void 0)))
DevTools listening on ws://localhost:64783/devtools/browser/ef8ca320-9f5b-494c-b1b5-a28bdfed7883
1649504344990	Marionette	INFO	Listening on port 64790
1649504345198	RemoteAgent	WARN	TLS certificate errors will be ignored for this session
1649504351025	Marionette	INFO	Stopped listening on port 64790
1649504498240	geckodriver	INFO	Listening on 127.0.0.1:64939
1649504501349	mozrunner::runner	INFO	Running command: "C:\\Program Files\\Firefox Developer Edition\\firefox.exe" "--marionette" "--remote-debugging-port" "64940" "-no-remote" "-profile" "C:\\Users\\Abdullah\\AppData\\Local\\Temp\\rust_mozprofileOFcobI"
1649504501687	Marionette	INFO	Marionette enabled
console.warn: SearchSettings: "get: No settings file exists, new profile?" (new NotFoundError("Could not open the file at C:\\Users\\Abdullah\\AppData\\Local\\Temp\\rust_mozprofileOFcobI\\search.json.mozlz4", (void 0)))
DevTools listening on ws://localhost:64940/devtools/browser/1216e160-0e4c-4f5f-a753-6cf69137244f
1649504503260	Marionette	INFO	Listening on port 64949
1649504503402	RemoteAgent	WARN	TLS certificate errors will be ignored for this session
1649504536596	Marionette	INFO	Stopped listening on port 64949
console.warn: TopSitesFeed: Failed to fetch data from Contile server: NetworkError when attempting to fetch resource.
[Parent 11228, IPC I/O Parent] WARNING: file /builds/worker/checkouts/gecko/ipc/chromium/src/base/process_util_win.cc:167
1649504538144	geckodriver	INFO	Listening on 127.0.0.1:65030
1649504541260	mozrunner::runner	INFO	Running command: "C:\\Program Files\\Firefox Developer Edition\\firefox.exe" "--marionette" "--remote-debugging-port" "65031" "-no-remote" "-profile" "C:\\Users\\Abdullah\\AppData\\Local\\Temp\\rust_mozprofilekFe4y0"
1649504541608	Marionette	INFO	Marionette enabled
console.warn: SearchSettings: "get: No settings file exists, new profile?" (new NotFoundError("Could not open the file at C:\\Users\\Abdullah\\AppData\\Local\\Temp\\rust_mozprofilekFe4y0\\search.json.mozlz4", (void 0)))
DevTools listening on ws://localhost:65031/devtools/browser/c1810a38-1ef4-4952-86eb-4e24e95bfdfd
1649504543790	Marionette	INFO	Listening on port 65037
1649504543918	RemoteAgent	WARN	TLS certificate errors will be ignored for this session
